<?xml version="1.0" encoding="UTF-8"?>
<coverage generated="1592769290729" clover="3.2.0">
  <project timestamp="1592769290729" name="All files">
    <metrics statements="41" coveredstatements="38" conditionals="6" coveredconditionals="6" methods="16" coveredmethods="13" elements="63" coveredelements="57" complexity="0" loc="41" ncloc="41" packages="1" files="1" classes="1"/>
    <file name="utils.js" path="C:\Users\gato_\Desktop\LIM012-fe-md-links\lib\utils.js">
      <metrics statements="41" coveredstatements="38" conditionals="6" coveredconditionals="6" methods="16" coveredmethods="13"/>
      <line num="1" count="1" type="stmt"/>
      <line num="2" count="1" type="stmt"/>
      <line num="3" count="1" type="stmt"/>
      <line num="4" count="1" type="stmt"/>
      <line num="7" count="1" type="stmt"/>
      <line num="12" count="13" type="stmt"/>
      <line num="15" count="11" type="cond" truecount="2" falsecount="0"/>
      <line num="18" count="10" type="stmt"/>
      <line num="21" count="2" type="stmt"/>
      <line num="24" count="9" type="stmt"/>
      <line num="27" count="1" type="stmt"/>
      <line num="28" count="9" type="stmt"/>
      <line num="29" count="9" type="stmt"/>
      <line num="31" count="9" type="cond" truecount="2" falsecount="0"/>
      <line num="32" count="8" type="cond" truecount="2" falsecount="0"/>
      <line num="33" count="7" type="stmt"/>
      <line num="36" count="1" type="stmt"/>
      <line num="37" count="4" type="stmt"/>
      <line num="38" count="4" type="stmt"/>
      <line num="39" count="4" type="stmt"/>
      <line num="42" count="9" type="stmt"/>
      <line num="45" count="5" type="stmt"/>
      <line num="47" count="1" type="stmt"/>
      <line num="48" count="4" type="stmt"/>
      <line num="49" count="4" type="stmt"/>
      <line num="50" count="4" type="stmt"/>
      <line num="51" count="4" type="stmt"/>
      <line num="52" count="6" type="stmt"/>
      <line num="57" count="6" type="stmt"/>
      <line num="59" count="4" type="stmt"/>
      <line num="61" count="4" type="stmt"/>
      <line num="64" count="1" type="stmt"/>
      <line num="65" count="2" type="stmt"/>
      <line num="66" count="2" type="stmt"/>
      <line num="68" count="2" type="stmt"/>
      <line num="69" count="2" type="stmt"/>
      <line num="71" count="0" type="stmt"/>
      <line num="76" count="0" type="stmt"/>
      <line num="78" count="0" type="stmt"/>
      <line num="84" count="2" type="stmt"/>
      <line num="87" count="1" type="stmt"/>
    </file>
  </project>
</coverage>
