<?xml version="1.0" encoding="UTF-8"?>
<coverage generated="1593068284638" clover="3.2.0">
  <project timestamp="1593068284638" name="All files">
    <metrics statements="54" coveredstatements="53" conditionals="10" coveredconditionals="10" methods="18" coveredmethods="17" elements="82" coveredelements="80" complexity="0" loc="54" ncloc="54" packages="1" files="2" classes="2"/>
    <file name="mdLinks.js" path="C:\Users\gato_\Desktop\LIM012-fe-md-links\lib\mdLinks.js">
      <metrics statements="13" coveredstatements="13" conditionals="4" coveredconditionals="4" methods="2" coveredmethods="2"/>
      <line num="5" count="1" type="stmt"/>
      <line num="7" count="1" type="stmt"/>
      <line num="8" count="3" type="stmt"/>
      <line num="9" count="3" type="stmt"/>
      <line num="10" count="3" type="cond" truecount="2" falsecount="0"/>
      <line num="11" count="1" type="stmt"/>
      <line num="13" count="2" type="cond" truecount="2" falsecount="0"/>
      <line num="14" count="1" type="stmt"/>
      <line num="15" count="1" type="stmt"/>
      <line num="17" count="2" type="stmt"/>
      <line num="18" count="2" type="stmt"/>
      <line num="21" count="3" type="stmt"/>
      <line num="24" count="1" type="stmt"/>
    </file>
    <file name="utils.js" path="C:\Users\gato_\Desktop\LIM012-fe-md-links\lib\utils.js">
      <metrics statements="41" coveredstatements="40" conditionals="6" coveredconditionals="6" methods="16" coveredmethods="15"/>
      <line num="1" count="2" type="stmt"/>
      <line num="2" count="2" type="stmt"/>
      <line num="3" count="2" type="stmt"/>
      <line num="4" count="2" type="stmt"/>
      <line num="7" count="3" type="stmt"/>
      <line num="12" count="16" type="stmt"/>
      <line num="15" count="14" type="cond" truecount="2" falsecount="0"/>
      <line num="18" count="13" type="stmt"/>
      <line num="21" count="2" type="stmt"/>
      <line num="24" count="12" type="stmt"/>
      <line num="27" count="2" type="stmt"/>
      <line num="28" count="12" type="stmt"/>
      <line num="29" count="12" type="stmt"/>
      <line num="31" count="12" type="cond" truecount="2" falsecount="0"/>
      <line num="32" count="11" type="cond" truecount="2" falsecount="0"/>
      <line num="33" count="10" type="stmt"/>
      <line num="36" count="1" type="stmt"/>
      <line num="37" count="5" type="stmt"/>
      <line num="38" count="5" type="stmt"/>
      <line num="39" count="5" type="stmt"/>
      <line num="42" count="12" type="stmt"/>
      <line num="45" count="7" type="stmt"/>
      <line num="47" count="2" type="stmt"/>
      <line num="48" count="6" type="stmt"/>
      <line num="49" count="6" type="stmt"/>
      <line num="50" count="6" type="stmt"/>
      <line num="51" count="6" type="stmt"/>
      <line num="52" count="10" type="stmt"/>
      <line num="57" count="10" type="stmt"/>
      <line num="59" count="6" type="stmt"/>
      <line num="61" count="6" type="stmt"/>
      <line num="64" count="2" type="stmt"/>
      <line num="65" count="3" type="stmt"/>
      <line num="66" count="3" type="stmt"/>
      <line num="68" count="3" type="stmt"/>
      <line num="69" count="3" type="stmt"/>
      <line num="71" count="3" type="stmt"/>
      <line num="76" count="3" type="stmt"/>
      <line num="78" count="0" type="stmt"/>
      <line num="84" count="3" type="stmt"/>
      <line num="87" count="2" type="stmt"/>
    </file>
  </project>
</coverage>
