{"C:\\Users\\gato_\\Desktop\\LIM012-fe-md-links\\lib\\mdLinks.js": {"path":"C:\\Users\\gato_\\Desktop\\LIM012-fe-md-links\\lib\\mdLinks.js","statementMap":{"0":{"start":{"line":5,"column":4},"end":{"line":5,"column":25}},"1":{"start":{"line":7,"column":16},"end":{"line":22,"column":1}},"2":{"start":{"line":8,"column":21},"end":{"line":20,"column":4}},"3":{"start":{"line":9,"column":19},"end":{"line":9,"column":21}},"4":{"start":{"line":10,"column":4},"end":{"line":19,"column":5}},"5":{"start":{"line":11,"column":6},"end":{"line":11,"column":40}},"6":{"start":{"line":13,"column":6},"end":{"line":16,"column":7}},"7":{"start":{"line":14,"column":8},"end":{"line":14,"column":40}},"8":{"start":{"line":15,"column":8},"end":{"line":15,"column":26}},"9":{"start":{"line":17,"column":6},"end":{"line":17,"column":37}},"10":{"start":{"line":18,"column":6},"end":{"line":18,"column":24}},"11":{"start":{"line":21,"column":2},"end":{"line":21,"column":20}},"12":{"start":{"line":24,"column":0},"end":{"line":24,"column":29}}},"fnMap":{"0":{"name":"(anonymous_0)","decl":{"start":{"line":7,"column":16},"end":{"line":7,"column":17}},"loc":{"start":{"line":7,"column":36},"end":{"line":22,"column":1}},"line":7},"1":{"name":"(anonymous_1)","decl":{"start":{"line":8,"column":33},"end":{"line":8,"column":34}},"loc":{"start":{"line":8,"column":54},"end":{"line":20,"column":3}},"line":8}},"branchMap":{"0":{"loc":{"start":{"line":10,"column":4},"end":{"line":19,"column":5}},"type":"if","locations":[{"start":{"line":10,"column":4},"end":{"line":19,"column":5}},{"start":{"line":10,"column":4},"end":{"line":19,"column":5}}],"line":10},"1":{"loc":{"start":{"line":13,"column":6},"end":{"line":16,"column":7}},"type":"if","locations":[{"start":{"line":13,"column":6},"end":{"line":16,"column":7}},{"start":{"line":13,"column":6},"end":{"line":16,"column":7}}],"line":13}},"s":{"0":1,"1":1,"2":3,"3":3,"4":3,"5":1,"6":2,"7":0,"8":0,"9":2,"10":2,"11":3,"12":1},"f":{"0":3,"1":3},"b":{"0":[1,2],"1":[0,2]},"_coverageSchema":"1a1c01bbd47fc00a2c39e90264f33305004495a9","hash":"384a394d0e0c06a9d17544c92e5e436223d31aa6"}
,"C:\\Users\\gato_\\Desktop\\LIM012-fe-md-links\\lib\\utils.js": {"path":"C:\\Users\\gato_\\Desktop\\LIM012-fe-md-links\\lib\\utils.js","statementMap":{"0":{"start":{"line":1,"column":11},"end":{"line":1,"column":24}},"1":{"start":{"line":2,"column":13},"end":{"line":2,"column":28}},"2":{"start":{"line":3,"column":15},"end":{"line":3,"column":32}},"3":{"start":{"line":4,"column":14},"end":{"line":4,"column":30}},"4":{"start":{"line":7,"column":20},"end":{"line":7,"column":51}},"5":{"start":{"line":7,"column":31},"end":{"line":7,"column":51}},"6":{"start":{"line":12,"column":23},"end":{"line":12,"column":56}},"7":{"start":{"line":12,"column":34},"end":{"line":12,"column":56}},"8":{"start":{"line":15,"column":20},"end":{"line":15,"column":84}},"9":{"start":{"line":15,"column":32},"end":{"line":15,"column":83}},"10":{"start":{"line":18,"column":15},"end":{"line":18,"column":53}},"11":{"start":{"line":18,"column":26},"end":{"line":18,"column":53}},"12":{"start":{"line":21,"column":22},"end":{"line":21,"column":54}},"13":{"start":{"line":21,"column":33},"end":{"line":21,"column":54}},"14":{"start":{"line":24,"column":16},"end":{"line":24,"column":46}},"15":{"start":{"line":24,"column":27},"end":{"line":24,"column":46}},"16":{"start":{"line":27,"column":18},"end":{"line":43,"column":1}},"17":{"start":{"line":28,"column":17},"end":{"line":28,"column":19}},"18":{"start":{"line":29,"column":19},"end":{"line":29,"column":37}},"19":{"start":{"line":31,"column":2},"end":{"line":41,"column":3}},"20":{"start":{"line":32,"column":4},"end":{"line":34,"column":5}},"21":{"start":{"line":33,"column":6},"end":{"line":33,"column":30}},"22":{"start":{"line":36,"column":4},"end":{"line":40,"column":7}},"23":{"start":{"line":37,"column":28},"end":{"line":37,"column":50}},"24":{"start":{"line":38,"column":23},"end":{"line":38,"column":47}},"25":{"start":{"line":39,"column":6},"end":{"line":39,"column":43}},"26":{"start":{"line":42,"column":2},"end":{"line":42,"column":18}},"27":{"start":{"line":45,"column":17},"end":{"line":45,"column":57}},"28":{"start":{"line":45,"column":27},"end":{"line":45,"column":57}},"29":{"start":{"line":47,"column":21},"end":{"line":62,"column":1}},"30":{"start":{"line":48,"column":19},"end":{"line":48,"column":21}},"31":{"start":{"line":49,"column":2},"end":{"line":60,"column":5}},"32":{"start":{"line":50,"column":21},"end":{"line":50,"column":42}},"33":{"start":{"line":51,"column":4},"end":{"line":58,"column":6}},"34":{"start":{"line":52,"column":21},"end":{"line":56,"column":7}},"35":{"start":{"line":57,"column":6},"end":{"line":57,"column":28}},"36":{"start":{"line":59,"column":4},"end":{"line":59,"column":41}},"37":{"start":{"line":61,"column":2},"end":{"line":61,"column":18}},"38":{"start":{"line":64,"column":22},"end":{"line":85,"column":1}},"39":{"start":{"line":65,"column":22},"end":{"line":65,"column":24}},"40":{"start":{"line":66,"column":21},"end":{"line":66,"column":40}},"41":{"start":{"line":68,"column":2},"end":{"line":83,"column":5}},"42":{"start":{"line":69,"column":4},"end":{"line":82,"column":11}},"43":{"start":{"line":71,"column":23},"end":{"line":75,"column":9}},"44":{"start":{"line":76,"column":8},"end":{"line":76,"column":22}},"45":{"start":{"line":78,"column":20},"end":{"line":82,"column":7}},"46":{"start":{"line":84,"column":2},"end":{"line":84,"column":34}},"47":{"start":{"line":87,"column":0},"end":{"line":98,"column":2}}},"fnMap":{"0":{"name":"(anonymous_0)","decl":{"start":{"line":7,"column":20},"end":{"line":7,"column":21}},"loc":{"start":{"line":7,"column":31},"end":{"line":7,"column":51}},"line":7},"1":{"name":"(anonymous_1)","decl":{"start":{"line":12,"column":23},"end":{"line":12,"column":24}},"loc":{"start":{"line":12,"column":34},"end":{"line":12,"column":56}},"line":12},"2":{"name":"(anonymous_2)","decl":{"start":{"line":15,"column":20},"end":{"line":15,"column":21}},"loc":{"start":{"line":15,"column":32},"end":{"line":15,"column":83}},"line":15},"3":{"name":"(anonymous_3)","decl":{"start":{"line":18,"column":15},"end":{"line":18,"column":16}},"loc":{"start":{"line":18,"column":26},"end":{"line":18,"column":53}},"line":18},"4":{"name":"(anonymous_4)","decl":{"start":{"line":21,"column":22},"end":{"line":21,"column":23}},"loc":{"start":{"line":21,"column":33},"end":{"line":21,"column":54}},"line":21},"5":{"name":"(anonymous_5)","decl":{"start":{"line":24,"column":16},"end":{"line":24,"column":17}},"loc":{"start":{"line":24,"column":27},"end":{"line":24,"column":46}},"line":24},"6":{"name":"(anonymous_6)","decl":{"start":{"line":27,"column":18},"end":{"line":27,"column":19}},"loc":{"start":{"line":27,"column":29},"end":{"line":43,"column":1}},"line":27},"7":{"name":"(anonymous_7)","decl":{"start":{"line":36,"column":33},"end":{"line":36,"column":34}},"loc":{"start":{"line":36,"column":43},"end":{"line":40,"column":5}},"line":36},"8":{"name":"(anonymous_8)","decl":{"start":{"line":45,"column":17},"end":{"line":45,"column":18}},"loc":{"start":{"line":45,"column":27},"end":{"line":45,"column":57}},"line":45},"9":{"name":"(anonymous_9)","decl":{"start":{"line":47,"column":21},"end":{"line":47,"column":22}},"loc":{"start":{"line":47,"column":32},"end":{"line":62,"column":1}},"line":47},"10":{"name":"(anonymous_10)","decl":{"start":{"line":49,"column":27},"end":{"line":49,"column":28}},"loc":{"start":{"line":49,"column":37},"end":{"line":60,"column":3}},"line":49},"11":{"name":"(anonymous_11)","decl":{"start":{"line":51,"column":20},"end":{"line":51,"column":21}},"loc":{"start":{"line":51,"column":43},"end":{"line":58,"column":5}},"line":51},"12":{"name":"(anonymous_12)","decl":{"start":{"line":64,"column":22},"end":{"line":64,"column":23}},"loc":{"start":{"line":64,"column":33},"end":{"line":85,"column":1}},"line":64},"13":{"name":"(anonymous_13)","decl":{"start":{"line":68,"column":21},"end":{"line":68,"column":22}},"loc":{"start":{"line":68,"column":34},"end":{"line":83,"column":3}},"line":68},"14":{"name":"(anonymous_14)","decl":{"start":{"line":70,"column":12},"end":{"line":70,"column":13}},"loc":{"start":{"line":70,"column":26},"end":{"line":77,"column":7}},"line":70},"15":{"name":"(anonymous_15)","decl":{"start":{"line":78,"column":13},"end":{"line":78,"column":14}},"loc":{"start":{"line":78,"column":20},"end":{"line":82,"column":7}},"line":78}},"branchMap":{"0":{"loc":{"start":{"line":15,"column":32},"end":{"line":15,"column":83}},"type":"cond-expr","locations":[{"start":{"line":15,"column":56},"end":{"line":15,"column":61}},{"start":{"line":15,"column":64},"end":{"line":15,"column":83}}],"line":15},"1":{"loc":{"start":{"line":31,"column":2},"end":{"line":41,"column":3}},"type":"if","locations":[{"start":{"line":31,"column":2},"end":{"line":41,"column":3}},{"start":{"line":31,"column":2},"end":{"line":41,"column":3}}],"line":31},"2":{"loc":{"start":{"line":32,"column":4},"end":{"line":34,"column":5}},"type":"if","locations":[{"start":{"line":32,"column":4},"end":{"line":34,"column":5}},{"start":{"line":32,"column":4},"end":{"line":34,"column":5}}],"line":32}},"s":{"0":2,"1":2,"2":2,"3":2,"4":2,"5":3,"6":2,"7":15,"8":2,"9":13,"10":2,"11":12,"12":2,"13":2,"14":2,"15":11,"16":2,"17":11,"18":11,"19":11,"20":10,"21":9,"22":1,"23":4,"24":4,"25":4,"26":11,"27":2,"28":7,"29":2,"30":6,"31":6,"32":6,"33":6,"34":12,"35":12,"36":6,"37":6,"38":2,"39":2,"40":2,"41":2,"42":2,"43":0,"44":0,"45":0,"46":2,"47":2},"f":{"0":3,"1":15,"2":13,"3":12,"4":2,"5":11,"6":11,"7":4,"8":7,"9":6,"10":6,"11":12,"12":2,"13":2,"14":0,"15":0},"b":{"0":[1,12],"1":[10,1],"2":[9,1]},"_coverageSchema":"1a1c01bbd47fc00a2c39e90264f33305004495a9","hash":"8d501ae2e85db59997f96039e1b72385d839549d"}
}
