{"C:\\Users\\gato_\\Desktop\\LIM012-fe-md-links\\src\\index.js": {"path":"C:\\Users\\gato_\\Desktop\\LIM012-fe-md-links\\src\\index.js","statementMap":{"0":{"start":{"line":2,"column":11},"end":{"line":2,"column":24}},"1":{"start":{"line":3,"column":13},"end":{"line":3,"column":28}},"2":{"start":{"line":4,"column":15},"end":{"line":4,"column":32}},"3":{"start":{"line":15,"column":16},"end":{"line":15,"column":39}},"4":{"start":{"line":16,"column":17},"end":{"line":16,"column":90}},"5":{"start":{"line":18,"column":16},"end":{"line":18,"column":31}},"6":{"start":{"line":19,"column":17},"end":{"line":19,"column":40}},"7":{"start":{"line":20,"column":20},"end":{"line":20,"column":44}},"8":{"start":{"line":23,"column":20},"end":{"line":23,"column":51}},"9":{"start":{"line":23,"column":31},"end":{"line":23,"column":51}},"10":{"start":{"line":26,"column":23},"end":{"line":26,"column":56}},"11":{"start":{"line":26,"column":34},"end":{"line":26,"column":56}},"12":{"start":{"line":29,"column":20},"end":{"line":29,"column":84}},"13":{"start":{"line":29,"column":32},"end":{"line":29,"column":83}},"14":{"start":{"line":32,"column":15},"end":{"line":32,"column":53}},"15":{"start":{"line":32,"column":26},"end":{"line":32,"column":53}},"16":{"start":{"line":35,"column":22},"end":{"line":35,"column":54}},"17":{"start":{"line":35,"column":33},"end":{"line":35,"column":54}},"18":{"start":{"line":38,"column":16},"end":{"line":38,"column":46}},"19":{"start":{"line":38,"column":27},"end":{"line":38,"column":46}},"20":{"start":{"line":41,"column":18},"end":{"line":57,"column":1}},"21":{"start":{"line":42,"column":17},"end":{"line":42,"column":19}},"22":{"start":{"line":43,"column":19},"end":{"line":43,"column":37}},"23":{"start":{"line":45,"column":2},"end":{"line":55,"column":3}},"24":{"start":{"line":46,"column":4},"end":{"line":48,"column":5}},"25":{"start":{"line":47,"column":6},"end":{"line":47,"column":30}},"26":{"start":{"line":50,"column":4},"end":{"line":54,"column":7}},"27":{"start":{"line":51,"column":28},"end":{"line":51,"column":50}},"28":{"start":{"line":52,"column":23},"end":{"line":52,"column":47}},"29":{"start":{"line":53,"column":6},"end":{"line":53,"column":43}},"30":{"start":{"line":56,"column":2},"end":{"line":56,"column":18}},"31":{"start":{"line":59,"column":17},"end":{"line":59,"column":57}},"32":{"start":{"line":59,"column":27},"end":{"line":59,"column":57}},"33":{"start":{"line":61,"column":21},"end":{"line":76,"column":1}},"34":{"start":{"line":62,"column":19},"end":{"line":62,"column":21}},"35":{"start":{"line":63,"column":2},"end":{"line":74,"column":5}},"36":{"start":{"line":64,"column":21},"end":{"line":64,"column":42}},"37":{"start":{"line":65,"column":4},"end":{"line":72,"column":6}},"38":{"start":{"line":66,"column":21},"end":{"line":70,"column":7}},"39":{"start":{"line":71,"column":6},"end":{"line":71,"column":28}},"40":{"start":{"line":73,"column":4},"end":{"line":73,"column":41}},"41":{"start":{"line":75,"column":2},"end":{"line":75,"column":18}},"42":{"start":{"line":80,"column":0},"end":{"line":89,"column":2}}},"fnMap":{"0":{"name":"(anonymous_0)","decl":{"start":{"line":23,"column":20},"end":{"line":23,"column":21}},"loc":{"start":{"line":23,"column":31},"end":{"line":23,"column":51}},"line":23},"1":{"name":"(anonymous_1)","decl":{"start":{"line":26,"column":23},"end":{"line":26,"column":24}},"loc":{"start":{"line":26,"column":34},"end":{"line":26,"column":56}},"line":26},"2":{"name":"(anonymous_2)","decl":{"start":{"line":29,"column":20},"end":{"line":29,"column":21}},"loc":{"start":{"line":29,"column":32},"end":{"line":29,"column":83}},"line":29},"3":{"name":"(anonymous_3)","decl":{"start":{"line":32,"column":15},"end":{"line":32,"column":16}},"loc":{"start":{"line":32,"column":26},"end":{"line":32,"column":53}},"line":32},"4":{"name":"(anonymous_4)","decl":{"start":{"line":35,"column":22},"end":{"line":35,"column":23}},"loc":{"start":{"line":35,"column":33},"end":{"line":35,"column":54}},"line":35},"5":{"name":"(anonymous_5)","decl":{"start":{"line":38,"column":16},"end":{"line":38,"column":17}},"loc":{"start":{"line":38,"column":27},"end":{"line":38,"column":46}},"line":38},"6":{"name":"(anonymous_6)","decl":{"start":{"line":41,"column":18},"end":{"line":41,"column":19}},"loc":{"start":{"line":41,"column":29},"end":{"line":57,"column":1}},"line":41},"7":{"name":"(anonymous_7)","decl":{"start":{"line":50,"column":33},"end":{"line":50,"column":34}},"loc":{"start":{"line":50,"column":43},"end":{"line":54,"column":5}},"line":50},"8":{"name":"(anonymous_8)","decl":{"start":{"line":59,"column":17},"end":{"line":59,"column":18}},"loc":{"start":{"line":59,"column":27},"end":{"line":59,"column":57}},"line":59},"9":{"name":"(anonymous_9)","decl":{"start":{"line":61,"column":21},"end":{"line":61,"column":22}},"loc":{"start":{"line":61,"column":32},"end":{"line":76,"column":1}},"line":61},"10":{"name":"(anonymous_10)","decl":{"start":{"line":63,"column":27},"end":{"line":63,"column":28}},"loc":{"start":{"line":63,"column":37},"end":{"line":74,"column":3}},"line":63},"11":{"name":"(anonymous_11)","decl":{"start":{"line":65,"column":20},"end":{"line":65,"column":21}},"loc":{"start":{"line":65,"column":43},"end":{"line":72,"column":5}},"line":65}},"branchMap":{"0":{"loc":{"start":{"line":29,"column":32},"end":{"line":29,"column":83}},"type":"cond-expr","locations":[{"start":{"line":29,"column":56},"end":{"line":29,"column":61}},{"start":{"line":29,"column":64},"end":{"line":29,"column":83}}],"line":29},"1":{"loc":{"start":{"line":45,"column":2},"end":{"line":55,"column":3}},"type":"if","locations":[{"start":{"line":45,"column":2},"end":{"line":55,"column":3}},{"start":{"line":45,"column":2},"end":{"line":55,"column":3}}],"line":45},"2":{"loc":{"start":{"line":46,"column":4},"end":{"line":48,"column":5}},"type":"if","locations":[{"start":{"line":46,"column":4},"end":{"line":48,"column":5}},{"start":{"line":46,"column":4},"end":{"line":48,"column":5}}],"line":46}},"s":{"0":1,"1":1,"2":1,"3":1,"4":1,"5":1,"6":1,"7":1,"8":1,"9":0,"10":1,"11":9,"12":1,"13":7,"14":1,"15":6,"16":1,"17":2,"18":1,"19":5,"20":1,"21":5,"22":5,"23":5,"24":4,"25":3,"26":1,"27":3,"28":3,"29":3,"30":5,"31":1,"32":2,"33":1,"34":1,"35":1,"36":1,"37":1,"38":2,"39":2,"40":1,"41":1,"42":1},"f":{"0":0,"1":9,"2":7,"3":6,"4":2,"5":5,"6":5,"7":3,"8":2,"9":1,"10":1,"11":2},"b":{"0":[1,6],"1":[4,1],"2":[3,1]},"_coverageSchema":"1a1c01bbd47fc00a2c39e90264f33305004495a9","hash":"12381724336f9e9fa5a7a715d28152da5b1e9f9a"}
}
