TN:
SF:lib\mdLinks.js
FN:7,(anonymous_0)
FN:8,(anonymous_1)
FNF:2
FNH:2
FNDA:3,(anonymous_0)
FNDA:3,(anonymous_1)
DA:5,1
DA:7,1
DA:8,3
DA:9,3
DA:10,3
DA:11,1
DA:13,2
DA:14,1
DA:15,1
DA:17,2
DA:18,2
DA:21,3
DA:24,1
LF:13
LH:13
BRDA:10,0,0,1
BRDA:10,0,1,2
BRDA:13,1,0,1
BRDA:13,1,1,1
BRF:4
BRH:4
end_of_record
TN:
SF:lib\utils.js
FN:7,(anonymous_0)
FN:12,(anonymous_1)
FN:15,(anonymous_2)
FN:18,(anonymous_3)
FN:21,(anonymous_4)
FN:24,(anonymous_5)
FN:27,(anonymous_6)
FN:36,(anonymous_7)
FN:45,(anonymous_8)
FN:47,(anonymous_9)
FN:49,(anonymous_10)
FN:51,(anonymous_11)
FN:64,(anonymous_12)
FN:68,(anonymous_13)
FN:70,(anonymous_14)
FN:78,(anonymous_15)
FNF:16
FNH:16
FNDA:3,(anonymous_0)
FNDA:16,(anonymous_1)
FNDA:14,(anonymous_2)
FNDA:13,(anonymous_3)
FNDA:2,(anonymous_4)
FNDA:12,(anonymous_5)
FNDA:12,(anonymous_6)
FNDA:5,(anonymous_7)
FNDA:7,(anonymous_8)
FNDA:6,(anonymous_9)
FNDA:6,(anonymous_10)
FNDA:10,(anonymous_11)
FNDA:3,(anonymous_12)
FNDA:3,(anonymous_13)
FNDA:2,(anonymous_14)
FNDA:1,(anonymous_15)
DA:1,2
DA:2,2
DA:3,2
DA:4,2
DA:7,3
DA:12,16
DA:15,14
DA:18,13
DA:21,2
DA:24,12
DA:27,2
DA:28,12
DA:29,12
DA:31,12
DA:32,11
DA:33,10
DA:36,1
DA:37,5
DA:38,5
DA:39,5
DA:42,12
DA:45,7
DA:47,2
DA:48,6
DA:49,6
DA:50,6
DA:51,6
DA:52,10
DA:57,10
DA:59,6
DA:61,6
DA:64,2
DA:65,3
DA:66,3
DA:68,3
DA:69,3
DA:71,2
DA:76,2
DA:78,1
DA:84,3
DA:87,2
LF:41
LH:41
BRDA:15,0,0,1
BRDA:15,0,1,13
BRDA:31,1,0,11
BRDA:31,1,1,1
BRDA:32,2,0,10
BRDA:32,2,1,1
BRF:6
BRH:6
end_of_record
